Arguments: 
  /usr/bin/node /usr/share/yarn/bin/yarn.js

PATH: 
  /home/akash/bin:/home/akash/.local/bin:/usr/local/sbin:/usr/local/bin:/usr/sbin:/usr/bin:/sbin:/bin:/usr/games:/usr/local/games:/home/akash/Documents/www:/home/akash/Android/Sdk/tools:/home/akash/Android/Sdk/platform-tools:/home/akash/.local/bin:/snap/bin

Yarn version: 
  1.3.2

Node version: 
  8.9.3

Platform: 
  linux x64

npm manifest: 
  {
    "name": "imagebucket",
    "version": "1.0.0",
    "description": "",
    "main": "index.js",
    "scripts": {
      "sync": " s3cmd --access_key=AKIAJTFIO6HPZLM3K6VQ --secret_key=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 sync bucket/ s3://images.ssninvente.com/"
    }
    "repository": {
      "type": "git",
      "url": "git+https://github.com/SSNINVENTE2k18/imagebucket.git"
    },
    "author": "",
    "license": "ISC"
  }

yarn manifest: 
  No manifest

Lockfile: 
  No lockfile

Trace: 
  SyntaxError: /home/akash/Documents/pro/invente3/imagebucket/package.json: Unexpected string in JSON at position 263
      at JSON.parse (<anonymous>)
      at /usr/share/yarn/lib/cli.js:770:59
      at Generator.next (<anonymous>)
      at step (/usr/share/yarn/lib/cli.js:92:30)
      at /usr/share/yarn/lib/cli.js:103:13
      at <anonymous>
